[0624/154232:ERROR:process_info.cc(330)] VirtualQueryEx: Access is denied. (0x5)
[0624/154232:ERROR:process_info.cc(547)] ReadMemoryInfo failed
[0624/154232:ERROR:process_info.cc(608)] range at 0x54c000, size 0x230 fully unreadable
[0624/154232:ERROR:process_info.cc(608)] range at 0x7747ab40, size 0x24 fully unreadable
[0624/154232:ERROR:process_info.cc(608)] range at 0x1085520, size 0x48 fully unreadable
[0624/154232:ERROR:process_info.cc(608)] range at 0x1082254, size 0x76 fully unreadable
[0624/154232:ERROR:process_info.cc(608)] range at 0x10822b6, size 0x14 fully unreadable
[0624/154232:ERROR:process_info.cc(608)] range at 0x1085440, size 0x48 fully unreadable
[0624/154232:ERROR:process_info.cc(608)] range at 0x1085350, size 0x3a fully unreadable
[0624/154232:ERROR:process_info.cc(608)] range at 0x7737bc84, size 0x12 fully unreadable
[0624/154232:ERROR:process_info.cc(608)] range at 0x1085928, size 0x48 fully unreadable
[0624/154232:ERROR:process_info.cc(608)] range at 0x1085a08, size 0x40 fully unreadable
[0624/154232:ERROR:process_info.cc(608)] range at 0x1085a30, size 0x18 fully unreadable
[0624/154232:ERROR:process_info.cc(608)] range at 0x1085bf8, size 0x48 fully unreadable
[0624/154232:ERROR:process_info.cc(608)] range at 0x1085cd8, size 0x44 fully unreadable
[0624/154232:ERROR:process_info.cc(608)] range at 0x1085d00, size 0x1c fully unreadable
[0624/154232:ERROR:process_info.cc(608)] range at 0x1087158, size 0x48 fully unreadable
[0624/154232:ERROR:process_info.cc(608)] range at 0x1085b78, size 0x3e fully unreadable
[0624/154232:ERROR:process_info.cc(608)] range at 0x1085ba0, size 0x16 fully unreadable
[0624/154232:ERROR:process_info.cc(608)] range at 0x10891a8, size 0x48 fully unreadable
[0624/154232:ERROR:process_info.cc(608)] range at 0x1089250, size 0x3c fully unreadable
[0624/154232:ERROR:process_info.cc(608)] range at 0x1089278, size 0x14 fully unreadable
[0624/154232:ERROR:process_info.cc(608)] range at 0x10893a0, size 0x48 fully unreadable
[0624/154232:ERROR:process_info.cc(608)] range at 0x1089480, size 0x3e fully unreadable
[0624/154232:ERROR:process_info.cc(608)] range at 0x10894a8, size 0x16 fully unreadable
[0624/154232:ERROR:process_info.cc(608)] range at 0x10804a0, size 0x48 fully unreadable
[0624/154232:ERROR:process_info.cc(608)] range at 0x10895d0, size 0x42 fully unreadable
[0624/154232:ERROR:process_info.cc(608)] range at 0x10895f8, size 0x1a fully unreadable
[0624/154232:ERROR:process_info.cc(608)] range at 0x10896c8, size 0x48 fully unreadable
[0624/154232:ERROR:process_info.cc(608)] range at 0x10897a8, size 0x50 fully unreadable
[0624/154232:ERROR:process_info.cc(608)] range at 0x10897d0, size 0x28 fully unreadable
[0624/154232:ERROR:process_info.cc(608)] range at 0x10898f8, size 0x48 fully unreadable
[0624/154232:ERROR:process_info.cc(608)] range at 0x10899d8, size 0x3e fully unreadable
[0624/154232:ERROR:process_info.cc(608)] range at 0x1089a00, size 0x16 fully unreadable
[0624/154232:ERROR:process_info.cc(608)] range at 0x108dff0, size 0x48 fully unreadable
[0624/154232:ERROR:process_info.cc(608)] range at 0x108e0d0, size 0x40 fully unreadable
[0624/154232:ERROR:process_info.cc(608)] range at 0x108e0f8, size 0x18 fully unreadable
[0624/154232:ERROR:process_info.cc(608)] range at 0x108e208, size 0x48 fully unreadable
[0624/154232:ERROR:process_info.cc(608)] range at 0x108e2e8, size 0x3c fully unreadable
[0624/154232:ERROR:process_info.cc(608)] range at 0x108e310, size 0x14 fully unreadable
[0624/154232:ERROR:process_info.cc(608)] range at 0x108fe50, size 0x48 fully unreadable
[0624/154232:ERROR:process_info.cc(608)] range at 0x1090230, size 0x3c fully unreadable
[0624/154232:ERROR:process_info.cc(608)] range at 0x1090258, size 0x14 fully unreadable
[0624/154232:ERROR:process_info.cc(608)] range at 0x108fef8, size 0x48 fully unreadable
[0624/154232:ERROR:process_info.cc(608)] range at 0x1090388, size 0x3a fully unreadable
[0624/154232:ERROR:process_info.cc(608)] range at 0x10903b0, size 0x12 fully unreadable
[0624/154232:ERROR:process_info.cc(608)] range at 0x108af18, size 0x48 fully unreadable
[0624/154232:ERROR:process_info.cc(608)] range at 0x108fa60, size 0x9a fully unreadable
[0624/154232:ERROR:process_info.cc(608)] range at 0x108fade, size 0x1c fully unreadable
[0624/154232:ERROR:process_info.cc(608)] range at 0x108ea40, size 0x48 fully unreadable
[0624/154232:ERROR:process_info.cc(608)] range at 0x10907f0, size 0x3e fully unreadable
[0624/154232:ERROR:process_info.cc(608)] range at 0x1090818, size 0x16 fully unreadable
[0624/154232:ERROR:process_info.cc(608)] range at 0x108ef68, size 0x48 fully unreadable
[0624/154232:ERROR:process_info.cc(608)] range at 0x1090740, size 0x3a fully unreadable
[0624/154232:ERROR:process_info.cc(608)] range at 0x1090768, size 0x12 fully unreadable
[0624/154232:ERROR:process_info.cc(608)] range at 0x108f088, size 0x48 fully unreadable
[0624/154232:ERROR:process_info.cc(608)] range at 0x1091dc8, size 0x3e fully unreadable
[0624/154232:ERROR:process_info.cc(608)] range at 0x1091df0, size 0x16 fully unreadable
[0624/154232:ERROR:process_info.cc(608)] range at 0x10900f0, size 0x48 fully unreadable
[0624/154232:ERROR:process_info.cc(608)] range at 0x1091e88, size 0x3e fully unreadable
[0624/154232:ERROR:process_info.cc(608)] range at 0x1091eb0, size 0x16 fully unreadable
[0624/154232:ERROR:process_info.cc(608)] range at 0x108fd00, size 0x48 fully unreadable
[0624/154232:ERROR:process_info.cc(608)] range at 0x1090d88, size 0x40 fully unreadable
[0624/154232:ERROR:process_info.cc(608)] range at 0x1090db0, size 0x18 fully unreadable
[0624/154232:ERROR:process_info.cc(608)] range at 0x108f9b8, size 0x48 fully unreadable
[0624/154232:ERROR:process_info.cc(608)] range at 0x10911e0, size 0x3e fully unreadable
[0624/154232:ERROR:process_info.cc(608)] range at 0x1091208, size 0x16 fully unreadable
[0624/154232:ERROR:process_info.cc(608)] range at 0x108fbb0, size 0x48 fully unreadable
[0624/154232:ERROR:process_info.cc(608)] range at 0x10912e0, size 0x42 fully unreadable
[0624/154232:ERROR:process_info.cc(608)] range at 0x1091308, size 0x1a fully unreadable
[0624/154232:ERROR:process_info.cc(608)] range at 0x108fda8, size 0x48 fully unreadable
[0624/154232:ERROR:process_info.cc(608)] range at 0x1091330, size 0x40 fully unreadable
[0624/154232:ERROR:process_info.cc(608)] range at 0x1091358, size 0x18 fully unreadable
[0624/154232:ERROR:process_info.cc(608)] range at 0x108f718, size 0x48 fully unreadable
[0624/154232:ERROR:process_info.cc(608)] range at 0x1095438, size 0x3a fully unreadable
[0624/154232:ERROR:process_info.cc(608)] range at 0x1095460, size 0x12 fully unreadable
[0624/154232:ERROR:process_info.cc(608)] range at 0x108ffa0, size 0x48 fully unreadable
[0624/154232:ERROR:process_info.cc(608)] range at 0x1095318, size 0x3e fully unreadable
[0624/154232:ERROR:process_info.cc(608)] range at 0x1095340, size 0x16 fully unreadable
[0624/154232:ERROR:process_info.cc(608)] range at 0x108fb08, size 0x48 fully unreadable
[0624/154232:ERROR:process_info.cc(608)] range at 0x1089348, size 0x4e fully unreadable
[0624/154232:ERROR:process_info.cc(608)] range at 0x1089370, size 0x26 fully unreadable
[0624/154232:ERROR:process_info.cc(608)] range at 0x108f3d0, size 0x48 fully unreadable
[0624/154232:ERROR:process_info.cc(608)] range at 0x1095000, size 0x3e fully unreadable
[0624/154232:ERROR:process_info.cc(608)] range at 0x1095028, size 0x16 fully unreadable
[0624/154232:ERROR:process_info.cc(608)] range at 0x108f328, size 0x48 fully unreadable
[0624/154232:ERROR:process_info.cc(608)] range at 0x1094e08, size 0x3e fully unreadable
[0624/154232:ERROR:process_info.cc(608)] range at 0x1094e30, size 0x16 fully unreadable
[0624/154232:ERROR:process_info.cc(608)] range at 0x1090048, size 0x48 fully unreadable
[0624/154232:ERROR:process_info.cc(608)] range at 0x1090310, size 0x4c fully unreadable
[0624/154232:ERROR:process_info.cc(608)] range at 0x1090338, size 0x24 fully unreadable
[0624/154232:ERROR:process_info.cc(608)] range at 0x108fc58, size 0x48 fully unreadable
[0624/154232:ERROR:process_info.cc(608)] range at 0x1095288, size 0x3c fully unreadable
[0624/154232:ERROR:process_info.cc(608)] range at 0x10952b0, size 0x14 fully unreadable
[0624/154232:ERROR:process_info.cc(608)] range at 0x108f7c0, size 0x48 fully unreadable
[0624/154232:ERROR:process_info.cc(608)] range at 0x1089158, size 0x40 fully unreadable
[0624/154232:ERROR:process_info.cc(608)] range at 0x1089180, size 0x18 fully unreadable
[0624/154232:ERROR:process_info.cc(608)] range at 0x108f280, size 0x48 fully unreadable
[0624/154232:ERROR:process_info.cc(608)] range at 0x108f478, size 0x9e fully unreadable
[0624/154232:ERROR:process_info.cc(608)] range at 0x108f4f6, size 0x20 fully unreadable
[0624/154232:ERROR:process_info.cc(608)] range at 0x108f670, size 0x48 fully unreadable
[0624/154232:ERROR:process_info.cc(608)] range at 0x10ad680, size 0x3a fully unreadable
[0624/154232:ERROR:process_info.cc(608)] range at 0x10ad6a8, size 0x12 fully unreadable
[0624/154232:ERROR:process_info.cc(608)] range at 0x108f910, size 0x48 fully unreadable
[0624/154232:ERROR:process_info.cc(608)] range at 0x10a8ea8, size 0x40 fully unreadable
[0624/154232:ERROR:process_info.cc(608)] range at 0x10a8ed0, size 0x18 fully unreadable
[0624/154232:ERROR:process_info.cc(608)] range at 0x108f5c8, size 0x48 fully unreadable
[0624/154232:ERROR:process_info.cc(608)] range at 0x10a15f0, size 0x46 fully unreadable
[0624/154232:ERROR:process_info.cc(608)] range at 0x10a1618, size 0x1e fully unreadable
[0624/154232:ERROR:process_info.cc(608)] range at 0x10a5830, size 0x48 fully unreadable
[0624/154232:ERROR:process_info.cc(608)] range at 0x10adc08, size 0x40 fully unreadable
[0624/154232:ERROR:process_info.cc(608)] range at 0x10adc30, size 0x18 fully unreadable
[0624/154232:ERROR:process_info.cc(608)] range at 0x10a54e8, size 0x48 fully unreadable
[0624/154232:ERROR:process_info.cc(608)] range at 0x10ad3b0, size 0x3a fully unreadable
[0624/154232:ERROR:process_info.cc(608)] range at 0x10ad3d8, size 0x12 fully unreadable
[0624/154232:ERROR:process_info.cc(608)] range at 0x10a5d70, size 0x48 fully unreadable
[0624/154232:ERROR:process_info.cc(608)] range at 0x10918c8, size 0x40 fully unreadable
[0624/154232:ERROR:process_info.cc(608)] range at 0x10918f0, size 0x18 fully unreadable
[0624/154232:ERROR:process_info.cc(608)] range at 0x10a6400, size 0x48 fully unreadable
[0624/154232:ERROR:process_info.cc(608)] range at 0x10ad200, size 0x3c fully unreadable
[0624/154232:ERROR:process_info.cc(608)] range at 0x10ad228, size 0x14 fully unreadable
[0624/154232:ERROR:process_info.cc(608)] range at 0x10a5ad0, size 0x48 fully unreadable
[0624/154232:ERROR:process_info.cc(608)] range at 0x1091828, size 0x40 fully unreadable
[0624/154232:ERROR:process_info.cc(608)] range at 0x1091850, size 0x18 fully unreadable
[0624/154232:ERROR:process_info.cc(608)] range at 0x10a62b0, size 0x48 fully unreadable
[0624/154232:ERROR:process_info.cc(608)] range at 0x10ad3f8, size 0x3c fully unreadable
[0624/154232:ERROR:process_info.cc(608)] range at 0x10ad420, size 0x14 fully unreadable
[0624/154232:ERROR:process_info.cc(608)] range at 0x10a5590, size 0x48 fully unreadable
[0624/154232:ERROR:process_info.cc(608)] range at 0x10ad710, size 0x3e fully unreadable
[0624/154232:ERROR:process_info.cc(608)] range at 0x10ad738, size 0x16 fully unreadable
[0624/154232:ERROR:process_info.cc(608)] range at 0x108f868, size 0x48 fully unreadable
[0624/154232:ERROR:process_info.cc(608)] range at 0x1091878, size 0x40 fully unreadable
[0624/154232:ERROR:process_info.cc(608)] range at 0x10918a0, size 0x18 fully unreadable
[0624/154232:ERROR:process_info.cc(608)] range at 0x108f520, size 0x48 fully unreadable
[0624/154232:ERROR:process_info.cc(608)] range at 0x10aedc0, size 0xee fully unreadable
[0624/154232:ERROR:process_info.cc(608)] range at 0x10aee96, size 0x18 fully unreadable
[0624/154232:ERROR:process_info.cc(608)] range at 0x10a6208, size 0x48 fully unreadable
[0624/154232:ERROR:process_info.cc(608)] range at 0x1091be8, size 0x40 fully unreadable
[0624/154232:ERROR:process_info.cc(608)] range at 0x1091c10, size 0x18 fully unreadable
[0624/154232:ERROR:process_info.cc(608)] range at 0x10a6160, size 0x48 fully unreadable
[0624/154232:ERROR:process_info.cc(608)] range at 0x10ad758, size 0x3a fully unreadable
[0624/154232:ERROR:process_info.cc(608)] range at 0x10ad780, size 0x12 fully unreadable
[0624/154232:ERROR:process_info.cc(608)] range at 0x10a5cc8, size 0x48 fully unreadable
[0624/154232:ERROR:process_info.cc(608)] range at 0x10ad290, size 0x3e fully unreadable
[0624/154232:ERROR:process_info.cc(608)] range at 0x10ad2b8, size 0x16 fully unreadable
[0624/154232:ERROR:process_info.cc(608)] range at 0x10a5e18, size 0x48 fully unreadable
[0624/154232:ERROR:process_info.cc(608)] range at 0x10ad2d8, size 0x3c fully unreadable
[0624/154232:ERROR:process_info.cc(608)] range at 0x10ad300, size 0x14 fully unreadable
[0624/154232:ERROR:process_info.cc(608)] range at 0x10a6358, size 0x48 fully unreadable
[0624/154232:ERROR:process_info.cc(608)] range at 0x10aca68, size 0x3e fully unreadable
[0624/154232:ERROR:process_info.cc(608)] range at 0x10aca90, size 0x16 fully unreadable
[0624/154232:ERROR:process_info.cc(608)] range at 0x10a5398, size 0x48 fully unreadable
[0624/154232:ERROR:process_info.cc(608)] range at 0x10acc60, size 0x3c fully unreadable
[0624/154232:ERROR:process_info.cc(608)] range at 0x10acc88, size 0x14 fully unreadable
[0624/154232:ERROR:process_info.cc(608)] range at 0x1085520, size 0x48 fully unreadable
[0624/154232:ERROR:process_info.cc(608)] range at 0x1082254, size 0x76 fully unreadable
[0624/154232:ERROR:process_info.cc(608)] range at 0x10822b6, size 0x14 fully unreadable
[0624/154232:ERROR:process_info.cc(608)] range at 0x1085440, size 0x48 fully unreadable
[0624/154232:ERROR:process_info.cc(608)] range at 0x1085350, size 0x3a fully unreadable
[0624/154232:ERROR:process_info.cc(608)] range at 0x7737bc84, size 0x12 fully unreadable
[0624/154232:ERROR:process_info.cc(608)] range at 0x1085928, size 0x48 fully unreadable
[0624/154232:ERROR:process_info.cc(608)] range at 0x1085a08, size 0x40 fully unreadable
[0624/154232:ERROR:process_info.cc(608)] range at 0x1085a30, size 0x18 fully unreadable
[0624/154232:ERROR:process_info.cc(608)] range at 0x1085bf8, size 0x48 fully unreadable
[0624/154232:ERROR:process_info.cc(608)] range at 0x1085cd8, size 0x44 fully unreadable
[0624/154232:ERROR:process_info.cc(608)] range at 0x1085d00, size 0x1c fully unreadable
[0624/154232:ERROR:process_info.cc(608)] range at 0x1087158, size 0x48 fully unreadable
[0624/154232:ERROR:process_info.cc(608)] range at 0x1085b78, size 0x3e fully unreadable
[0624/154232:ERROR:process_info.cc(608)] range at 0x1085ba0, size 0x16 fully unreadable
[0624/154232:ERROR:process_info.cc(608)] range at 0x10891a8, size 0x48 fully unreadable
[0624/154232:ERROR:process_info.cc(608)] range at 0x1089250, size 0x3c fully unreadable
[0624/154232:ERROR:process_info.cc(608)] range at 0x1089278, size 0x14 fully unreadable
[0624/154232:ERROR:process_info.cc(608)] range at 0x10893a0, size 0x48 fully unreadable
[0624/154232:ERROR:process_info.cc(608)] range at 0x1089480, size 0x3e fully unreadable
[0624/154232:ERROR:process_info.cc(608)] range at 0x10894a8, size 0x16 fully unreadable
[0624/154232:ERROR:process_info.cc(608)] range at 0x10804a0, size 0x48 fully unreadable
[0624/154232:ERROR:process_info.cc(608)] range at 0x10895d0, size 0x42 fully unreadable
[0624/154232:ERROR:process_info.cc(608)] range at 0x10895f8, size 0x1a fully unreadable
[0624/154232:ERROR:process_info.cc(608)] range at 0x10896c8, size 0x48 fully unreadable
[0624/154232:ERROR:process_info.cc(608)] range at 0x10897a8, size 0x50 fully unreadable
[0624/154232:ERROR:process_info.cc(608)] range at 0x10897d0, size 0x28 fully unreadable
[0624/154232:ERROR:process_info.cc(608)] range at 0x10898f8, size 0x48 fully unreadable
[0624/154232:ERROR:process_info.cc(608)] range at 0x10899d8, size 0x3e fully unreadable
[0624/154232:ERROR:process_info.cc(608)] range at 0x1089a00, size 0x16 fully unreadable
[0624/154232:ERROR:process_info.cc(608)] range at 0x108dff0, size 0x48 fully unreadable
[0624/154232:ERROR:process_info.cc(608)] range at 0x108e0d0, size 0x40 fully unreadable
[0624/154232:ERROR:process_info.cc(608)] range at 0x108e0f8, size 0x18 fully unreadable
[0624/154232:ERROR:process_info.cc(608)] range at 0x108e208, size 0x48 fully unreadable
[0624/154232:ERROR:process_info.cc(608)] range at 0x108e2e8, size 0x3c fully unreadable
[0624/154232:ERROR:process_info.cc(608)] range at 0x108e310, size 0x14 fully unreadable
[0624/154232:ERROR:process_info.cc(608)] range at 0x108fe50, size 0x48 fully unreadable
[0624/154232:ERROR:process_info.cc(608)] range at 0x1090230, size 0x3c fully unreadable
[0624/154232:ERROR:process_info.cc(608)] range at 0x1090258, size 0x14 fully unreadable
[0624/154232:ERROR:process_info.cc(608)] range at 0x108fef8, size 0x48 fully unreadable
[0624/154232:ERROR:process_info.cc(608)] range at 0x1090388, size 0x3a fully unreadable
[0624/154232:ERROR:process_info.cc(608)] range at 0x10903b0, size 0x12 fully unreadable
[0624/154232:ERROR:process_info.cc(608)] range at 0x108af18, size 0x48 fully unreadable
[0624/154232:ERROR:process_info.cc(608)] range at 0x108fa60, size 0x9a fully unreadable
[0624/154232:ERROR:process_info.cc(608)] range at 0x108fade, size 0x1c fully unreadable
[0624/154232:ERROR:process_info.cc(608)] range at 0x108ea40, size 0x48 fully unreadable
[0624/154232:ERROR:process_info.cc(608)] range at 0x10907f0, size 0x3e fully unreadable
[0624/154232:ERROR:process_info.cc(608)] range at 0x1090818, size 0x16 fully unreadable
[0624/154232:ERROR:process_info.cc(608)] range at 0x108ef68, size 0x48 fully unreadable
[0624/154232:ERROR:process_info.cc(608)] range at 0x1090740, size 0x3a fully unreadable
[0624/154232:ERROR:process_info.cc(608)] range at 0x1090768, size 0x12 fully unreadable
[0624/154232:ERROR:process_info.cc(608)] range at 0x108f088, size 0x48 fully unreadable
[0624/154232:ERROR:process_info.cc(608)] range at 0x1091dc8, size 0x3e fully unreadable
[0624/154232:ERROR:process_info.cc(608)] range at 0x1091df0, size 0x16 fully unreadable
[0624/154232:ERROR:process_info.cc(608)] range at 0x10900f0, size 0x48 fully unreadable
[0624/154232:ERROR:process_info.cc(608)] range at 0x1091e88, size 0x3e fully unreadable
[0624/154232:ERROR:process_info.cc(608)] range at 0x1091eb0, size 0x16 fully unreadable
[0624/154232:ERROR:process_info.cc(608)] range at 0x108fd00, size 0x48 fully unreadable
[0624/154232:ERROR:process_info.cc(608)] range at 0x1090d88, size 0x40 fully unreadable
[0624/154232:ERROR:process_info.cc(608)] range at 0x1090db0, size 0x18 fully unreadable
[0624/154232:ERROR:process_info.cc(608)] range at 0x108f9b8, size 0x48 fully unreadable
[0624/154232:ERROR:process_info.cc(608)] range at 0x10911e0, size 0x3e fully unreadable
[0624/154232:ERROR:process_info.cc(608)] range at 0x1091208, size 0x16 fully unreadable
[0624/154232:ERROR:process_info.cc(608)] range at 0x108fbb0, size 0x48 fully unreadable
[0624/154232:ERROR:process_info.cc(608)] range at 0x10912e0, size 0x42 fully unreadable
[0624/154232:ERROR:process_info.cc(608)] range at 0x1091308, size 0x1a fully unreadable
[0624/154232:ERROR:process_info.cc(608)] range at 0x108fda8, size 0x48 fully unreadable
[0624/154232:ERROR:process_info.cc(608)] range at 0x1091330, size 0x40 fully unreadable
[0624/154232:ERROR:process_info.cc(608)] range at 0x1091358, size 0x18 fully unreadable
[0624/154232:ERROR:process_info.cc(608)] range at 0x108f718, size 0x48 fully unreadable
[0624/154232:ERROR:process_info.cc(608)] range at 0x1095438, size 0x3a fully unreadable
[0624/154232:ERROR:process_info.cc(608)] range at 0x1095460, size 0x12 fully unreadable
[0624/154232:ERROR:process_info.cc(608)] range at 0x108ffa0, size 0x48 fully unreadable
[0624/154232:ERROR:process_info.cc(608)] range at 0x1095318, size 0x3e fully unreadable
[0624/154232:ERROR:process_info.cc(608)] range at 0x1095340, size 0x16 fully unreadable
[0624/154232:ERROR:process_info.cc(608)] range at 0x108fb08, size 0x48 fully unreadable
[0624/154232:ERROR:process_info.cc(608)] range at 0x1089348, size 0x4e fully unreadable
[0624/154232:ERROR:process_info.cc(608)] range at 0x1089370, size 0x26 fully unreadable
[0624/154232:ERROR:process_info.cc(608)] range at 0x108f3d0, size 0x48 fully unreadable
[0624/154232:ERROR:process_info.cc(608)] range at 0x1095000, size 0x3e fully unreadable
[0624/154232:ERROR:process_info.cc(608)] range at 0x1095028, size 0x16 fully unreadable
[0624/154232:ERROR:process_info.cc(608)] range at 0x108f328, size 0x48 fully unreadable
[0624/154232:ERROR:process_info.cc(608)] range at 0x1094e08, size 0x3e fully unreadable
[0624/154232:ERROR:process_info.cc(608)] range at 0x1094e30, size 0x16 fully unreadable
[0624/154232:ERROR:process_info.cc(608)] range at 0x1090048, size 0x48 fully unreadable
[0624/154232:ERROR:process_info.cc(608)] range at 0x1090310, size 0x4c fully unreadable
[0624/154232:ERROR:process_info.cc(608)] range at 0x1090338, size 0x24 fully unreadable
[0624/154232:ERROR:process_info.cc(608)] range at 0x108fc58, size 0x48 fully unreadable
[0624/154232:ERROR:process_info.cc(608)] range at 0x1095288, size 0x3c fully unreadable
[0624/154232:ERROR:process_info.cc(608)] range at 0x10952b0, size 0x14 fully unreadable
[0624/154232:ERROR:process_info.cc(608)] range at 0x108f7c0, size 0x48 fully unreadable
[0624/154232:ERROR:process_info.cc(608)] range at 0x1089158, size 0x40 fully unreadable
[0624/154232:ERROR:process_info.cc(608)] range at 0x1089180, size 0x18 fully unreadable
[0624/154232:ERROR:process_info.cc(608)] range at 0x108f280, size 0x48 fully unreadable
[0624/154232:ERROR:process_info.cc(608)] range at 0x108f478, size 0x9e fully unreadable
[0624/154232:ERROR:process_info.cc(608)] range at 0x108f4f6, size 0x20 fully unreadable
[0624/154232:ERROR:process_info.cc(608)] range at 0x108f670, size 0x48 fully unreadable
[0624/154232:ERROR:process_info.cc(608)] range at 0x10ad680, size 0x3a fully unreadable
[0624/154232:ERROR:process_info.cc(608)] range at 0x10ad6a8, size 0x12 fully unreadable
[0624/154232:ERROR:process_info.cc(608)] range at 0x108f910, size 0x48 fully unreadable
[0624/154232:ERROR:process_info.cc(608)] range at 0x10a8ea8, size 0x40 fully unreadable
[0624/154232:ERROR:process_info.cc(608)] range at 0x10a8ed0, size 0x18 fully unreadable
[0624/154232:ERROR:process_info.cc(608)] range at 0x108f5c8, size 0x48 fully unreadable
[0624/154232:ERROR:process_info.cc(608)] range at 0x10a15f0, size 0x46 fully unreadable
[0624/154232:ERROR:process_info.cc(608)] range at 0x10a1618, size 0x1e fully unreadable
[0624/154232:ERROR:process_info.cc(608)] range at 0x10a5830, size 0x48 fully unreadable
[0624/154232:ERROR:process_info.cc(608)] range at 0x10adc08, size 0x40 fully unreadable
[0624/154232:ERROR:process_info.cc(608)] range at 0x10adc30, size 0x18 fully unreadable
[0624/154232:ERROR:process_info.cc(608)] range at 0x10a54e8, size 0x48 fully unreadable
[0624/154232:ERROR:process_info.cc(608)] range at 0x10ad3b0, size 0x3a fully unreadable
[0624/154232:ERROR:process_info.cc(608)] range at 0x10ad3d8, size 0x12 fully unreadable
[0624/154232:ERROR:process_info.cc(608)] range at 0x10a5d70, size 0x48 fully unreadable
[0624/154232:ERROR:process_info.cc(608)] range at 0x10918c8, size 0x40 fully unreadable
[0624/154232:ERROR:process_info.cc(608)] range at 0x10918f0, size 0x18 fully unreadable
[0624/154232:ERROR:process_info.cc(608)] range at 0x10a6400, size 0x48 fully unreadable
[0624/154232:ERROR:process_info.cc(608)] range at 0x10ad200, size 0x3c fully unreadable
[0624/154232:ERROR:process_info.cc(608)] range at 0x10ad228, size 0x14 fully unreadable
[0624/154232:ERROR:process_info.cc(608)] range at 0x10a5ad0, size 0x48 fully unreadable
[0624/154232:ERROR:process_info.cc(608)] range at 0x1091828, size 0x40 fully unreadable
[0624/154232:ERROR:process_info.cc(608)] range at 0x1091850, size 0x18 fully unreadable
[0624/154232:ERROR:process_info.cc(608)] range at 0x10a62b0, size 0x48 fully unreadable
[0624/154232:ERROR:process_info.cc(608)] range at 0x10ad3f8, size 0x3c fully unreadable
[0624/154232:ERROR:process_info.cc(608)] range at 0x10ad420, size 0x14 fully unreadable
[0624/154232:ERROR:process_info.cc(608)] range at 0x10a5590, size 0x48 fully unreadable
[0624/154232:ERROR:process_info.cc(608)] range at 0x10ad710, size 0x3e fully unreadable
[0624/154232:ERROR:process_info.cc(608)] range at 0x10ad738, size 0x16 fully unreadable
[0624/154232:ERROR:process_info.cc(608)] range at 0x108f868, size 0x48 fully unreadable
[0624/154232:ERROR:process_info.cc(608)] range at 0x1091878, size 0x40 fully unreadable
[0624/154232:ERROR:process_info.cc(608)] range at 0x10918a0, size 0x18 fully unreadable
[0624/154232:ERROR:process_info.cc(608)] range at 0x108f520, size 0x48 fully unreadable
[0624/154232:ERROR:process_info.cc(608)] range at 0x10aedc0, size 0xee fully unreadable
[0624/154232:ERROR:process_info.cc(608)] range at 0x10aee96, size 0x18 fully unreadable
[0624/154232:ERROR:process_info.cc(608)] range at 0x10a6208, size 0x48 fully unreadable
[0624/154232:ERROR:process_info.cc(608)] range at 0x1091be8, size 0x40 fully unreadable
[0624/154232:ERROR:process_info.cc(608)] range at 0x1091c10, size 0x18 fully unreadable
[0624/154232:ERROR:process_info.cc(608)] range at 0x10a6160, size 0x48 fully unreadable
[0624/154232:ERROR:process_info.cc(608)] range at 0x10ad758, size 0x3a fully unreadable
[0624/154232:ERROR:process_info.cc(608)] range at 0x10ad780, size 0x12 fully unreadable
[0624/154232:ERROR:process_info.cc(608)] range at 0x10a5cc8, size 0x48 fully unreadable
[0624/154232:ERROR:process_info.cc(608)] range at 0x10ad290, size 0x3e fully unreadable
[0624/154232:ERROR:process_info.cc(608)] range at 0x10ad2b8, size 0x16 fully unreadable
[0624/154232:ERROR:process_info.cc(608)] range at 0x10a5e18, size 0x48 fully unreadable
[0624/154232:ERROR:process_info.cc(608)] range at 0x10ad2d8, size 0x3c fully unreadable
[0624/154232:ERROR:process_info.cc(608)] range at 0x10ad300, size 0x14 fully unreadable
[0624/154232:ERROR:process_info.cc(608)] range at 0x10a6358, size 0x48 fully unreadable
[0624/154232:ERROR:process_info.cc(608)] range at 0x10aca68, size 0x3e fully unreadable
[0624/154232:ERROR:process_info.cc(608)] range at 0x10aca90, size 0x16 fully unreadable
[0624/154232:ERROR:process_info.cc(608)] range at 0x10a5398, size 0x48 fully unreadable
[0624/154232:ERROR:process_info.cc(608)] range at 0x10acc60, size 0x3c fully unreadable
[0624/154232:ERROR:process_info.cc(608)] range at 0x10acc88, size 0x14 fully unreadable
[0624/154232:ERROR:process_info.cc(608)] range at 0x1085440, size 0x48 fully unreadable
[0624/154232:ERROR:process_info.cc(608)] range at 0x1085350, size 0x3a fully unreadable
[0624/154232:ERROR:process_info.cc(608)] range at 0x7737bc84, size 0x12 fully unreadable
[0624/154232:ERROR:process_info.cc(608)] range at 0x1085bf8, size 0x48 fully unreadable
[0624/154232:ERROR:process_info.cc(608)] range at 0x1085cd8, size 0x44 fully unreadable
[0624/154232:ERROR:process_info.cc(608)] range at 0x1085d00, size 0x1c fully unreadable
[0624/154232:ERROR:process_info.cc(608)] range at 0x1085928, size 0x48 fully unreadable
[0624/154232:ERROR:process_info.cc(608)] range at 0x1085a08, size 0x40 fully unreadable
[0624/154232:ERROR:process_info.cc(608)] range at 0x1085a30, size 0x18 fully unreadable
[0624/154232:ERROR:process_info.cc(608)] range at 0x1087158, size 0x48 fully unreadable
[0624/154232:ERROR:process_info.cc(608)] range at 0x1085b78, size 0x3e fully unreadable
[0624/154232:ERROR:process_info.cc(608)] range at 0x1085ba0, size 0x16 fully unreadable
[0624/154232:ERROR:process_info.cc(608)] range at 0x108e208, size 0x48 fully unreadable
[0624/154232:ERROR:process_info.cc(608)] range at 0x108e2e8, size 0x3c fully unreadable
[0624/154232:ERROR:process_info.cc(608)] range at 0x108e310, size 0x14 fully unreadable
[0624/154232:ERROR:process_info.cc(608)] range at 0x10896c8, size 0x48 fully unreadable
[0624/154232:ERROR:process_info.cc(608)] range at 0x10897a8, size 0x50 fully unreadable
[0624/154232:ERROR:process_info.cc(608)] range at 0x10897d0, size 0x28 fully unreadable
[0624/154232:ERROR:process_info.cc(608)] range at 0x10804a0, size 0x48 fully unreadable
[0624/154232:ERROR:process_info.cc(608)] range at 0x10895d0, size 0x42 fully unreadable
[0624/154232:ERROR:process_info.cc(608)] range at 0x10895f8, size 0x1a fully unreadable
[0624/154232:ERROR:process_info.cc(608)] range at 0x10893a0, size 0x48 fully unreadable
[0624/154232:ERROR:process_info.cc(608)] range at 0x1089480, size 0x3e fully unreadable
[0624/154232:ERROR:process_info.cc(608)] range at 0x10894a8, size 0x16 fully unreadable
[0624/154232:ERROR:process_info.cc(608)] range at 0x10891a8, size 0x48 fully unreadable
[0624/154232:ERROR:process_info.cc(608)] range at 0x1089250, size 0x3c fully unreadable
[0624/154232:ERROR:process_info.cc(608)] range at 0x1089278, size 0x14 fully unreadable
[0624/154232:ERROR:process_info.cc(608)] range at 0x10898f8, size 0x48 fully unreadable
[0624/154232:ERROR:process_info.cc(608)] range at 0x10899d8, size 0x3e fully unreadable
[0624/154232:ERROR:process_info.cc(608)] range at 0x1089a00, size 0x16 fully unreadable
[0624/154232:ERROR:process_info.cc(608)] range at 0x108dff0, size 0x48 fully unreadable
[0624/154232:ERROR:process_info.cc(608)] range at 0x108e0d0, size 0x40 fully unreadable
[0624/154232:ERROR:process_info.cc(608)] range at 0x108e0f8, size 0x18 fully unreadable
[0624/154232:ERROR:process_info.cc(608)] range at 0x108af18, size 0x48 fully unreadable
[0624/154232:ERROR:process_info.cc(608)] range at 0x108fa60, size 0x9a fully unreadable
[0624/154232:ERROR:process_info.cc(608)] range at 0x108fade, size 0x1c fully unreadable
[0624/154232:ERROR:process_info.cc(608)] range at 0x108ea40, size 0x48 fully unreadable
[0624/154232:ERROR:process_info.cc(608)] range at 0x10907f0, size 0x3e fully unreadable
[0624/154232:ERROR:process_info.cc(608)] range at 0x1090818, size 0x16 fully unreadable
[0624/154232:ERROR:process_info.cc(608)] range at 0x108fda8, size 0x48 fully unreadable
[0624/154232:ERROR:process_info.cc(608)] range at 0x1091330, size 0x40 fully unreadable
[0624/154232:ERROR:process_info.cc(608)] range at 0x1091358, size 0x18 fully unreadable
[0624/154232:ERROR:process_info.cc(608)] range at 0x108fbb0, size 0x48 fully unreadable
[0624/154232:ERROR:process_info.cc(608)] range at 0x10912e0, size 0x42 fully unreadable
[0624/154232:ERROR:process_info.cc(608)] range at 0x1091308, size 0x1a fully unreadable
[0624/154232:ERROR:process_info.cc(608)] range at 0x108fef8, size 0x48 fully unreadable
[0624/154232:ERROR:process_info.cc(608)] range at 0x1090388, size 0x3a fully unreadable
[0624/154232:ERROR:process_info.cc(608)] range at 0x10903b0, size 0x12 fully unreadable
[0624/154232:ERROR:process_info.cc(608)] range at 0x108fe50, size 0x48 fully unreadable
[0624/154232:ERROR:process_info.cc(608)] range at 0x1090230, size 0x3c fully unreadable
[0624/154232:ERROR:process_info.cc(608)] range at 0x1090258, size 0x14 fully unreadable
[0624/154232:ERROR:process_info.cc(608)] range at 0x108f718, size 0x48 fully unreadable
[0624/154232:ERROR:process_info.cc(608)] range at 0x1095438, size 0x3a fully unreadable
[0624/154232:ERROR:process_info.cc(608)] range at 0x1095460, size 0x12 fully unreadable
[0624/154232:ERROR:process_info.cc(608)] range at 0x108ef68, size 0x48 fully unreadable
[0624/154232:ERROR:process_info.cc(608)] range at 0x1090740, size 0x3a fully unreadable
[0624/154232:ERROR:process_info.cc(608)] range at 0x1090768, size 0x12 fully unreadable
[0624/154232:ERROR:process_info.cc(608)] range at 0x10900f0, size 0x48 fully unreadable
[0624/154232:ERROR:process_info.cc(608)] range at 0x1091e88, size 0x3e fully unreadable
[0624/154232:ERROR:process_info.cc(608)] range at 0x1091eb0, size 0x16 fully unreadable
[0624/154232:ERROR:process_info.cc(608)] range at 0x108f088, size 0x48 fully unreadable
[0624/154232:ERROR:process_info.cc(608)] range at 0x1091dc8, size 0x3e fully unreadable
[0624/154232:ERROR:process_info.cc(608)] range at 0x1091df0, size 0x16 fully unreadable
[0624/154232:ERROR:process_info.cc(608)] range at 0x108fd00, size 0x48 fully unreadable
[0624/154232:ERROR:process_info.cc(608)] range at 0x1090d88, size 0x40 fully unreadable
[0624/154232:ERROR:process_info.cc(608)] range at 0x1090db0, size 0x18 fully unreadable
[0624/154232:ERROR:process_info.cc(608)] range at 0x108f9b8, size 0x48 fully unreadable
[0624/154232:ERROR:process_info.cc(608)] range at 0x10911e0, size 0x3e fully unreadable
[0624/154232:ERROR:process_info.cc(608)] range at 0x1091208, size 0x16 fully unreadable
[0624/154232:ERROR:process_info.cc(608)] range at 0x108f3d0, size 0x48 fully unreadable
[0624/154232:ERROR:process_info.cc(608)] range at 0x1095000, size 0x3e fully unreadable
[0624/154232:ERROR:process_info.cc(608)] range at 0x1095028, size 0x16 fully unreadable
[0624/154232:ERROR:process_info.cc(608)] range at 0x108f328, size 0x48 fully unreadable
[0624/154232:ERROR:process_info.cc(608)] range at 0x1094e08, size 0x3e fully unreadable
[0624/154232:ERROR:process_info.cc(608)] range at 0x1094e30, size 0x16 fully unreadable
[0624/154232:ERROR:process_info.cc(608)] range at 0x1090048, size 0x48 fully unreadable
[0624/154232:ERROR:process_info.cc(608)] range at 0x1090310, size 0x4c fully unreadable
[0624/154232:ERROR:process_info.cc(608)] range at 0x1090338, size 0x24 fully unreadable
[0624/154232:ERROR:process_info.cc(608)] range at 0x108fc58, size 0x48 fully unreadable
[0624/154232:ERROR:process_info.cc(608)] range at 0x1095288, size 0x3c fully unreadable
[0624/154232:ERROR:process_info.cc(608)] range at 0x10952b0, size 0x14 fully unreadable
[0624/154232:ERROR:process_info.cc(608)] range at 0x108f7c0, size 0x48 fully unreadable
[0624/154232:ERROR:process_info.cc(608)] range at 0x1089158, size 0x40 fully unreadable
[0624/154232:ERROR:process_info.cc(608)] range at 0x1089180, size 0x18 fully unreadable
[0624/154232:ERROR:process_info.cc(608)] range at 0x108fb08, size 0x48 fully unreadable
[0624/154232:ERROR:process_info.cc(608)] range at 0x1089348, size 0x4e fully unreadable
[0624/154232:ERROR:process_info.cc(608)] range at 0x1089370, size 0x26 fully unreadable
[0624/154232:ERROR:process_info.cc(608)] range at 0x108ffa0, size 0x48 fully unreadable
[0624/154232:ERROR:process_info.cc(608)] range at 0x1095318, size 0x3e fully unreadable
[0624/154232:ERROR:process_info.cc(608)] range at 0x1095340, size 0x16 fully unreadable
[0624/154232:ERROR:process_info.cc(608)] range at 0x108f670, size 0x48 fully unreadable
[0624/154232:ERROR:process_info.cc(608)] range at 0x10ad680, size 0x3a fully unreadable
[0624/154232:ERROR:process_info.cc(608)] range at 0x10ad6a8, size 0x12 fully unreadable
[0624/154232:ERROR:process_info.cc(608)] range at 0x10a5e18, size 0x48 fully unreadable
[0624/154232:ERROR:process_info.cc(608)] range at 0x10ad2d8, size 0x3c fully unreadable
[0624/154232:ERROR:process_info.cc(608)] range at 0x10ad300, size 0x14 fully unreadable
[0624/154232:ERROR:process_info.cc(608)] range at 0x108f868, size 0x48 fully unreadable
[0624/154232:ERROR:process_info.cc(608)] range at 0x1091878, size 0x40 fully unreadable
[0624/154232:ERROR:process_info.cc(608)] range at 0x10918a0, size 0x18 fully unreadable
[0624/154232:ERROR:process_info.cc(608)] range at 0x108f520, size 0x48 fully unreadable
[0624/154232:ERROR:process_info.cc(608)] range at 0x10aedc0, size 0xee fully unreadable
[0624/154232:ERROR:process_info.cc(608)] range at 0x10aee96, size 0x18 fully unreadable
[0624/154232:ERROR:process_info.cc(608)] range at 0x108f5c8, size 0x48 fully unreadable
[0624/154232:ERROR:process_info.cc(608)] range at 0x10a15f0, size 0x46 fully unreadable
[0624/154232:ERROR:process_info.cc(608)] range at 0x10a1618, size 0x1e fully unreadable
[0624/154232:ERROR:process_info.cc(608)] range at 0x10a5398, size 0x48 fully unreadable
[0624/154232:ERROR:process_info.cc(608)] range at 0x10acc60, size 0x3c fully unreadable
[0624/154232:ERROR:process_info.cc(608)] range at 0x10acc88, size 0x14 fully unreadable
[0624/154232:ERROR:process_info.cc(608)] range at 0x10a5830, size 0x48 fully unreadable
[0624/154232:ERROR:process_info.cc(608)] range at 0x10adc08, size 0x40 fully unreadable
[0624/154232:ERROR:process_info.cc(608)] range at 0x10adc30, size 0x18 fully unreadable
[0624/154232:ERROR:process_info.cc(608)] range at 0x10a6358, size 0x48 fully unreadable
[0624/154232:ERROR:process_info.cc(608)] range at 0x10aca68, size 0x3e fully unreadable
[0624/154232:ERROR:process_info.cc(608)] range at 0x10aca90, size 0x16 fully unreadable
[0624/154232:ERROR:process_info.cc(608)] range at 0x108f910, size 0x48 fully unreadable
[0624/154232:ERROR:process_info.cc(608)] range at 0x10a8ea8, size 0x40 fully unreadable
[0624/154232:ERROR:process_info.cc(608)] range at 0x10a8ed0, size 0x18 fully unreadable
[0624/154232:ERROR:process_info.cc(608)] range at 0x10a54e8, size 0x48 fully unreadable
[0624/154232:ERROR:process_info.cc(608)] range at 0x10ad3b0, size 0x3a fully unreadable
[0624/154232:ERROR:process_info.cc(608)] range at 0x10ad3d8, size 0x12 fully unreadable
[0624/154232:ERROR:process_info.cc(608)] range at 0x10a5d70, size 0x48 fully unreadable
[0624/154232:ERROR:process_info.cc(608)] range at 0x10918c8, size 0x40 fully unreadable
[0624/154232:ERROR:process_info.cc(608)] range at 0x10918f0, size 0x18 fully unreadable
[0624/154232:ERROR:process_info.cc(608)] range at 0x10a6208, size 0x48 fully unreadable
[0624/154232:ERROR:process_info.cc(608)] range at 0x1091be8, size 0x40 fully unreadable
[0624/154232:ERROR:process_info.cc(608)] range at 0x1091c10, size 0x18 fully unreadable
[0624/154232:ERROR:process_info.cc(608)] range at 0x10a6400, size 0x48 fully unreadable
[0624/154232:ERROR:process_info.cc(608)] range at 0x10ad200, size 0x3c fully unreadable
[0624/154232:ERROR:process_info.cc(608)] range at 0x10ad228, size 0x14 fully unreadable
[0624/154232:ERROR:process_info.cc(608)] range at 0x10a6160, size 0x48 fully unreadable
[0624/154232:ERROR:process_info.cc(608)] range at 0x10ad758, size 0x3a fully unreadable
[0624/154232:ERROR:process_info.cc(608)] range at 0x10ad780, size 0x12 fully unreadable
[0624/154232:ERROR:process_info.cc(608)] range at 0x10a62b0, size 0x48 fully unreadable
[0624/154232:ERROR:process_info.cc(608)] range at 0x10ad3f8, size 0x3c fully unreadable
[0624/154232:ERROR:process_info.cc(608)] range at 0x10ad420, size 0x14 fully unreadable
[0624/154232:ERROR:process_info.cc(608)] range at 0x10a5590, size 0x48 fully unreadable
[0624/154232:ERROR:process_info.cc(608)] range at 0x10ad710, size 0x3e fully unreadable
[0624/154232:ERROR:process_info.cc(608)] range at 0x10ad738, size 0x16 fully unreadable
[0624/154232:ERROR:process_info.cc(608)] range at 0x10a5ad0, size 0x48 fully unreadable
[0624/154232:ERROR:process_info.cc(608)] range at 0x1091828, size 0x40 fully unreadable
[0624/154232:ERROR:process_info.cc(608)] range at 0x1091850, size 0x18 fully unreadable
[0624/154232:ERROR:process_info.cc(608)] range at 0x10a5cc8, size 0x48 fully unreadable
[0624/154232:ERROR:process_info.cc(608)] range at 0x10ad290, size 0x3e fully unreadable
[0624/154232:ERROR:process_info.cc(608)] range at 0x10ad2b8, size 0x16 fully unreadable
[0624/154232:ERROR:process_info.cc(608)] range at 0x108f280, size 0x48 fully unreadable
[0624/154232:ERROR:process_info.cc(608)] range at 0x108f478, size 0x9e fully unreadable
[0624/154232:ERROR:process_info.cc(608)] range at 0x108f4f6, size 0x20 fully unreadable
[0624/154232:ERROR:process_info.cc(608)] range at 0x1081da8, size 0x310 fully unreadable
[0624/154232:ERROR:process_info.cc(608)] range at 0x1085618, size 0x7e fully unreadable
[0624/154232:ERROR:process_info.cc(608)] range at 0x1082254, size 0x76 fully unreadable
[0624/154232:ERROR:process_info.cc(608)] range at 0x10822cc, size 0x17c2 fully unreadable
[0624/154232:ERROR:process_info.cc(608)] range at 0x1083a90, size 0x76 fully unreadable
[0624/154232:ERROR:process_info.cc(608)] range at 0x1083b08, size 0x64 fully unreadable
[0624/154232:ERROR:process_reader_win.cc(252)] range at 0x10805c8, size 0x10000 completely inaccessible
[0624/154232:ERROR:process_info.cc(608)] range at 0x774784b8, size 0x18 fully unreadable
[0624/154232:ERROR:process_info.cc(608)] range at 0x7747883c, size 0x20 fully unreadable
[0624/154232:ERROR:process_reader_win.cc(141)] SuspendThread: Access is denied. (0x5)
[0624/154232:ERROR:exception_snapshot_win.cc(57)] thread ID 36232 not found in process
[0624/154232:WARNING:crash_report_exception_handler.cc(60)] ProcessSnapshotWin::InitializeException failed
[0624/154232:ERROR:scoped_process_suspend.cc(38)] NtResumeProcess, ntstatus=-1073741558
